Starting bot...
/Users/erik/Library/Python/3.9/lib/python/site-packages/urllib3/__init__.py:35: NotOpenSSLWarning: urllib3 v2 only supports OpenSSL 1.1.1+, currently the 'ssl' module is compiled with 'LibreSSL 2.8.3'. See: https://github.com/urllib3/urllib3/issues/3020
  warnings.warn(
Imports done
Config loaded: 0xF1CcD889...
Creating Info object...
Creating account...
Creating exchange...
============================================================
🚀 FUNDING RATE BOT STARTED
Threshold: ±1000% annualized
Check interval: 15 minutes
============================================================

[Scan #1] 10:25:18
BTC: +1.3% funding (normal)
ETH: +11.0% funding (normal)
SOL: -7.2% funding (normal)

💤 Sleeping 900s...

[Scan #2] 10:40:22
BTC: +0.3% funding (normal)
ETH: +11.0% funding (normal)
SOL: -11.1% funding (normal)

💤 Sleeping 900s...

[Scan #3] 10:55:27
BTC: +1.9% funding (normal)
ETH: +11.0% funding (normal)
SOL: -10.4% funding (normal)

💤 Sleeping 900s...

[Scan #4] 11:10:31
BTC: +10.9% funding (normal)
ETH: +11.0% funding (normal)
SOL: -16.4% funding (normal)

💤 Sleeping 900s...

[Scan #5] 11:25:35
BTC: +8.7% funding (normal)
ETH: +11.0% funding (normal)
SOL: -14.9% funding (normal)

💤 Sleeping 900s...

[Scan #6] 11:40:39
BTC: +6.3% funding (normal)
ETH: +11.0% funding (normal)
SOL: -15.2% funding (normal)

💤 Sleeping 900s...

[Scan #7] 11:55:43
BTC: +4.8% funding (normal)
ETH: +11.0% funding (normal)
SOL: -15.8% funding (normal)

💤 Sleeping 900s...

[Scan #8] 12:10:47
BTC: +3.5% funding (normal)
ETH: +11.0% funding (normal)
SOL: -17.0% funding (normal)

💤 Sleeping 900s...

[Scan #9] 12:25:51
BTC: +6.0% funding (normal)
ETH: +11.0% funding (normal)
SOL: -14.5% funding (normal)

💤 Sleeping 900s...

[Scan #10] 12:40:55
BTC: +5.1% funding (normal)
ETH: +11.0% funding (normal)
SOL: -14.6% funding (normal)

💤 Sleeping 900s...

[Scan #11] 12:55:59
BTC: +3.8% funding (normal)
ETH: +11.0% funding (normal)
SOL: -14.4% funding (normal)

💤 Sleeping 900s...

[Scan #12] 13:11:03
BTC: +6.2% funding (normal)
ETH: +6.8% funding (normal)
SOL: -12.7% funding (normal)

💤 Sleeping 900s...

[Scan #13] 13:26:06
BTC: +6.6% funding (normal)
ETH: +8.1% funding (normal)
SOL: -11.9% funding (normal)

💤 Sleeping 900s...

[Scan #14] 13:41:10
BTC: +6.8% funding (normal)
ETH: +9.6% funding (normal)
SOL: -10.6% funding (normal)

💤 Sleeping 900s...

[Scan #15] 13:56:14
BTC: +5.6% funding (normal)
ETH: +7.2% funding (normal)
SOL: -10.9% funding (normal)

💤 Sleeping 900s...

[Scan #16] 14:11:18
BTC: +0.8% funding (normal)
ETH: +1.3% funding (normal)
SOL: -16.8% funding (normal)

💤 Sleeping 900s...

[Scan #17] 14:26:22
BTC: +6.3% funding (normal)
ETH: +3.5% funding (normal)
SOL: -13.0% funding (normal)

💤 Sleeping 900s...

[Scan #18] 14:41:26
BTC: +8.4% funding (normal)
ETH: +5.7% funding (normal)
SOL: -12.3% funding (normal)

💤 Sleeping 900s...

[Scan #19] 14:56:31
BTC: +7.8% funding (normal)
ETH: +6.6% funding (normal)
SOL: -10.6% funding (normal)

💤 Sleeping 900s...

[Scan #20] 15:11:34
BTC: +10.6% funding (normal)
ETH: +9.2% funding (normal)
SOL: -11.8% funding (normal)

💤 Sleeping 900s...

[Scan #21] 15:26:38
BTC: +7.2% funding (normal)
ETH: +11.0% funding (normal)
SOL: -12.7% funding (normal)

💤 Sleeping 900s...

[Scan #22] 15:41:42
BTC: +6.0% funding (normal)
ETH: +11.0% funding (normal)
SOL: -10.9% funding (normal)

💤 Sleeping 900s...

[Scan #23] 15:56:49
BTC: +7.2% funding (normal)
ETH: +9.2% funding (normal)
SOL: -7.7% funding (normal)

💤 Sleeping 900s...

[Scan #24] 16:11:53
BTC: +10.8% funding (normal)
ETH: +11.0% funding (normal)
SOL: -2.3% funding (normal)

💤 Sleeping 900s...

[Scan #25] 16:26:57
BTC: +8.8% funding (normal)
ETH: +11.0% funding (normal)
SOL: -3.1% funding (normal)

💤 Sleeping 900s...

[Scan #26] 16:42:02
BTC: +10.4% funding (normal)
ETH: +11.0% funding (normal)
SOL: +0.7% funding (normal)

💤 Sleeping 900s...

[Scan #27] 16:57:06
BTC: +9.6% funding (normal)
ETH: +11.0% funding (normal)
SOL: +2.3% funding (normal)

💤 Sleeping 900s...

[Scan #28] 17:12:12
BTC: +6.5% funding (normal)
ETH: +11.0% funding (normal)
SOL: +8.6% funding (normal)

💤 Sleeping 900s...

[Scan #29] 17:27:16
BTC: +11.0% funding (normal)
ETH: +11.0% funding (normal)
SOL: +7.3% funding (normal)

💤 Sleeping 900s...

[Scan #30] 17:42:20
BTC: +11.0% funding (normal)
ETH: +11.0% funding (normal)
SOL: +5.0% funding (normal)

💤 Sleeping 900s...

[Scan #31] 17:57:24
BTC: +11.0% funding (normal)
ETH: +11.0% funding (normal)
SOL: +3.4% funding (normal)

💤 Sleeping 900s...

[Scan #32] 18:12:28
BTC: +11.0% funding (normal)
ETH: +11.0% funding (normal)
SOL: +0.2% funding (normal)

💤 Sleeping 900s...

[Scan #33] 18:27:32
BTC: +11.0% funding (normal)
ETH: +11.0% funding (normal)
SOL: +1.0% funding (normal)

💤 Sleeping 900s...

[Scan #34] 18:42:37
BTC: +11.0% funding (normal)
ETH: +11.0% funding (normal)
SOL: +1.2% funding (normal)

💤 Sleeping 900s...

[Scan #35] 18:57:41
BTC: +11.0% funding (normal)
ETH: +11.0% funding (normal)
SOL: +3.2% funding (normal)

💤 Sleeping 900s...

[Scan #36] 19:12:46
BTC: +11.0% funding (normal)
ETH: +11.0% funding (normal)
SOL: +7.6% funding (normal)

💤 Sleeping 900s...

[Scan #37] 19:27:50
BTC: +11.0% funding (normal)
ETH: +11.0% funding (normal)
SOL: +2.6% funding (normal)

💤 Sleeping 900s...

[Scan #38] 19:42:54
BTC: +11.0% funding (normal)
ETH: +11.0% funding (normal)
SOL: +2.9% funding (normal)

💤 Sleeping 900s...

[Scan #39] 19:57:59
BTC: +8.8% funding (normal)
ETH: +11.0% funding (normal)
SOL: +1.7% funding (normal)

💤 Sleeping 900s...

[Scan #40] 20:13:03
BTC: +8.5% funding (normal)
ETH: +11.0% funding (normal)
SOL: +3.0% funding (normal)

💤 Sleeping 900s...

[Scan #41] 20:28:08
BTC: +6.6% funding (normal)
ETH: +10.5% funding (normal)
SOL: +2.6% funding (normal)

💤 Sleeping 900s...

[Scan #42] 20:43:12
BTC: +6.9% funding (normal)
ETH: +11.0% funding (normal)
SOL: +2.9% funding (normal)

💤 Sleeping 900s...

[Scan #43] 20:58:16
BTC: +4.3% funding (normal)
ETH: +11.0% funding (normal)
SOL: +2.7% funding (normal)

💤 Sleeping 900s...

[Scan #44] 21:13:20
BTC: -1.0% funding (normal)
ETH: +7.3% funding (normal)
SOL: +1.7% funding (normal)

💤 Sleeping 900s...

[Scan #45] 21:28:25
BTC: +1.2% funding (normal)
ETH: +8.6% funding (normal)
SOL: +0.3% funding (normal)

💤 Sleeping 900s...

[Scan #46] 21:43:29
BTC: +1.5% funding (normal)
ETH: +9.8% funding (normal)
SOL: +0.1% funding (normal)

💤 Sleeping 900s...

[Scan #47] 21:58:33
BTC: +2.8% funding (normal)
ETH: +11.0% funding (normal)
SOL: +0.2% funding (normal)

💤 Sleeping 900s...

[Scan #48] 22:13:36
BTC: +5.0% funding (normal)
ETH: +11.0% funding (normal)
SOL: +0.7% funding (normal)

💤 Sleeping 900s...

[Scan #49] 22:28:40
BTC: -0.2% funding (normal)
ETH: +10.8% funding (normal)
SOL: +0.6% funding (normal)

💤 Sleeping 900s...

[Scan #50] 22:43:43
BTC: +1.7% funding (normal)
ETH: +8.0% funding (normal)
SOL: -2.3% funding (normal)

💤 Sleeping 900s...

[Scan #51] 22:58:48
BTC: +3.4% funding (normal)
ETH: +9.0% funding (normal)
SOL: -4.1% funding (normal)

💤 Sleeping 900s...

[Scan #52] 23:13:52
BTC: +0.6% funding (normal)
ETH: +11.0% funding (normal)
SOL: -5.0% funding (normal)

💤 Sleeping 900s...

[Scan #53] 23:28:56
BTC: +0.3% funding (normal)
ETH: +11.0% funding (normal)
SOL: -2.6% funding (normal)

💤 Sleeping 900s...

[Scan #54] 23:44:00
BTC: +1.8% funding (normal)
ETH: +11.0% funding (normal)
SOL: -2.7% funding (normal)

💤 Sleeping 900s...

[Scan #55] 23:59:05
BTC: +2.0% funding (normal)
ETH: +11.0% funding (normal)
SOL: -3.5% funding (normal)

💤 Sleeping 900s...

[Scan #56] 00:14:09
BTC: +9.5% funding (normal)
ETH: +7.7% funding (normal)
SOL: -8.8% funding (normal)

💤 Sleeping 900s...

[Scan #57] 00:29:12
BTC: +3.1% funding (normal)
ETH: +9.0% funding (normal)
SOL: -5.3% funding (normal)

💤 Sleeping 900s...

[Scan #58] 00:44:16
BTC: +3.0% funding (normal)
ETH: +10.1% funding (normal)
SOL: -4.3% funding (normal)

💤 Sleeping 900s...

[Scan #59] 00:59:20
BTC: +4.1% funding (normal)
ETH: +9.9% funding (normal)
SOL: -2.3% funding (normal)

💤 Sleeping 900s...

[Scan #60] 01:14:25
BTC: +11.0% funding (normal)
ETH: +11.0% funding (normal)
SOL: +1.7% funding (normal)

💤 Sleeping 900s...

[Scan #61] 01:29:29
BTC: +11.0% funding (normal)
ETH: +11.0% funding (normal)
SOL: +2.0% funding (normal)

💤 Sleeping 900s...

[Scan #62] 01:44:33
BTC: +9.7% funding (normal)
ETH: +11.0% funding (normal)
SOL: +4.1% funding (normal)

💤 Sleeping 900s...

[Scan #63] 01:59:37
BTC: +8.1% funding (normal)
ETH: +11.0% funding (normal)
SOL: +3.0% funding (normal)

💤 Sleeping 900s...

[Scan #64] 02:14:42
BTC: +4.7% funding (normal)
ETH: +8.6% funding (normal)
SOL: +2.0% funding (normal)

💤 Sleeping 900s...

[Scan #65] 02:29:46
BTC: -0.8% funding (normal)
ETH: +4.6% funding (normal)
SOL: -1.9% funding (normal)

💤 Sleeping 900s...

[Scan #66] 02:44:50
BTC: -2.1% funding (normal)
ETH: +4.1% funding (normal)
SOL: -2.3% funding (normal)

💤 Sleeping 900s...

[Scan #67] 02:59:54
BTC: -0.2% funding (normal)
ETH: +4.3% funding (normal)
SOL: -0.9% funding (normal)

💤 Sleeping 900s...

[Scan #68] 03:14:58
BTC: +3.3% funding (normal)
ETH: +8.7% funding (normal)
SOL: +4.9% funding (normal)

💤 Sleeping 900s...

[Scan #69] 03:30:02
BTC: +2.5% funding (normal)
ETH: +9.5% funding (normal)
SOL: +4.4% funding (normal)

💤 Sleeping 900s...

[Scan #70] 03:45:07
BTC: +1.2% funding (normal)
ETH: +10.9% funding (normal)
SOL: +1.6% funding (normal)

💤 Sleeping 900s...

[Scan #71] 04:00:11
BTC: +3.9% funding (normal)
ETH: +11.0% funding (normal)
SOL: -11.8% funding (normal)

💤 Sleeping 900s...

[Scan #72] 04:15:15
BTC: +1.0% funding (normal)
ETH: +3.9% funding (normal)
SOL: -5.6% funding (normal)

💤 Sleeping 900s...

[Scan #73] 04:30:20
BTC: +0.9% funding (normal)
ETH: +5.9% funding (normal)
SOL: -7.0% funding (normal)

💤 Sleeping 900s...

[Scan #74] 04:45:24
BTC: +0.6% funding (normal)
ETH: +9.6% funding (normal)
SOL: -6.5% funding (normal)

💤 Sleeping 900s...

[Scan #75] 05:00:28
BTC: +6.2% funding (normal)
ETH: +11.0% funding (normal)
SOL: +1.9% funding (normal)

💤 Sleeping 900s...

[Scan #76] 05:15:32
BTC: -6.7% funding (normal)
ETH: +8.9% funding (normal)
SOL: -18.9% funding (normal)

💤 Sleeping 900s...

[Scan #77] 05:30:37
BTC: -1.8% funding (normal)
ETH: +7.2% funding (normal)
SOL: -20.7% funding (normal)

💤 Sleeping 900s...

[Scan #78] 05:45:42
BTC: -2.7% funding (normal)
ETH: +8.0% funding (normal)
SOL: -18.8% funding (normal)

💤 Sleeping 900s...

[Scan #79] 06:00:46
BTC: +0.6% funding (normal)
ETH: +8.2% funding (normal)
SOL: -24.4% funding (normal)

💤 Sleeping 900s...

[Scan #80] 06:15:51
BTC: +1.1% funding (normal)
ETH: +11.0% funding (normal)
SOL: -20.6% funding (normal)

💤 Sleeping 900s...

[Scan #81] 06:30:55
BTC: +1.9% funding (normal)
ETH: +11.0% funding (normal)
SOL: -22.2% funding (normal)

💤 Sleeping 900s...

[Scan #82] 06:45:58
BTC: +1.7% funding (normal)
ETH: +9.0% funding (normal)
SOL: -21.5% funding (normal)

💤 Sleeping 900s...

[Scan #83] 07:01:03
BTC: +2.2% funding (normal)
ETH: +1.5% funding (normal)
SOL: -14.3% funding (normal)

💤 Sleeping 900s...

[Scan #84] 07:16:07
BTC: -6.1% funding (normal)
ETH: +0.7% funding (normal)
SOL: -24.2% funding (normal)

💤 Sleeping 900s...

[Scan #85] 07:31:12
BTC: -2.4% funding (normal)
ETH: -0.6% funding (normal)
SOL: -21.7% funding (normal)

💤 Sleeping 900s...

[Scan #86] 07:46:17
BTC: -5.9% funding (normal)
ETH: -5.8% funding (normal)
SOL: -22.6% funding (normal)

💤 Sleeping 900s...

[Scan #87] 08:01:21
BTC: +1.7% funding (normal)
ETH: +7.7% funding (normal)
SOL: -18.6% funding (normal)

💤 Sleeping 900s...

[Scan #88] 08:16:26
BTC: -5.5% funding (normal)
ETH: +1.6% funding (normal)
SOL: -18.2% funding (normal)

💤 Sleeping 900s...

[Scan #89] 08:31:30
BTC: -3.9% funding (normal)
ETH: +1.8% funding (normal)
SOL: -15.3% funding (normal)

💤 Sleeping 900s...

[Scan #90] 08:46:34
BTC: -2.6% funding (normal)
ETH: +2.6% funding (normal)
SOL: -14.6% funding (normal)

💤 Sleeping 900s...

[Scan #91] 09:01:38
BTC: -1.9% funding (normal)
ETH: -1.6% funding (normal)
SOL: -12.0% funding (normal)

💤 Sleeping 900s...

[Scan #92] 09:16:42
BTC: -0.1% funding (normal)
ETH: -0.5% funding (normal)
SOL: -15.0% funding (normal)

💤 Sleeping 900s...

[Scan #93] 09:31:47
BTC: +0.3% funding (normal)
ETH: -1.1% funding (normal)
SOL: -13.9% funding (normal)

💤 Sleeping 900s...

[Scan #94] 09:46:51
BTC: +0.9% funding (normal)
ETH: -1.3% funding (normal)
SOL: -16.1% funding (normal)

💤 Sleeping 900s...

[Scan #95] 10:01:55
BTC: +11.0% funding (normal)
ETH: +3.0% funding (normal)
SOL: -10.1% funding (normal)

💤 Sleeping 900s...

[Scan #96] 10:17:00
BTC: +6.2% funding (normal)
ETH: +0.9% funding (normal)
SOL: -21.3% funding (normal)

💤 Sleeping 900s...

[Scan #97] 10:32:04
BTC: +5.8% funding (normal)
ETH: +0.4% funding (normal)
SOL: -19.3% funding (normal)

💤 Sleeping 900s...

[Scan #98] 10:47:09
BTC: +3.8% funding (normal)
ETH: +1.2% funding (normal)
SOL: -15.4% funding (normal)

💤 Sleeping 900s...

[Scan #99] 11:02:14
BTC: +5.5% funding (normal)
ETH: +1.7% funding (normal)
SOL: -11.9% funding (normal)

💤 Sleeping 900s...

[Scan #100] 11:17:17
BTC: +4.7% funding (normal)
ETH: -3.7% funding (normal)
SOL: -14.7% funding (normal)

💤 Sleeping 900s...

[Scan #101] 11:32:21
BTC: +4.3% funding (normal)
ETH: -0.3% funding (normal)
SOL: -15.1% funding (normal)

💤 Sleeping 900s...

[Scan #102] 11:47:26
BTC: +5.1% funding (normal)
ETH: +0.3% funding (normal)
SOL: -14.7% funding (normal)

💤 Sleeping 900s...

[Scan #103] 12:02:30
BTC: +6.6% funding (normal)
ETH: +3.0% funding (normal)
SOL: -4.0% funding (normal)

💤 Sleeping 900s...

[Scan #104] 12:17:34
BTC: +11.0% funding (normal)
ETH: +5.9% funding (normal)
SOL: -9.4% funding (normal)

💤 Sleeping 900s...

[Scan #105] 12:32:38
BTC: +11.0% funding (normal)
ETH: +9.5% funding (normal)
SOL: -5.9% funding (normal)

💤 Sleeping 900s...

[Scan #106] 12:47:42
BTC: +11.0% funding (normal)
ETH: +5.9% funding (normal)
SOL: -7.6% funding (normal)

💤 Sleeping 900s...

[Scan #107] 13:02:46
BTC: +11.0% funding (normal)
ETH: +8.0% funding (normal)
SOL: +7.2% funding (normal)

💤 Sleeping 900s...

[Scan #108] 13:17:50
BTC: +11.0% funding (normal)
ETH: +6.3% funding (normal)
SOL: +2.1% funding (normal)

💤 Sleeping 900s...

[Scan #109] 13:32:54
BTC: +11.0% funding (normal)
ETH: +5.6% funding (normal)
SOL: +1.2% funding (normal)

💤 Sleeping 900s...

[Scan #110] 13:47:58
BTC: +9.5% funding (normal)
ETH: +2.2% funding (normal)
SOL: +0.9% funding (normal)

💤 Sleeping 900s...

[Scan #111] 14:03:03
BTC: +1.5% funding (normal)
ETH: -2.6% funding (normal)
SOL: +5.5% funding (normal)

💤 Sleeping 900s...

[Scan #112] 14:18:06
BTC: +1.9% funding (normal)
ETH: -6.6% funding (normal)
SOL: -0.6% funding (normal)

💤 Sleeping 900s...

[Scan #113] 14:33:10
BTC: +2.7% funding (normal)
ETH: -5.8% funding (normal)
SOL: -0.2% funding (normal)

💤 Sleeping 900s...

[Scan #114] 14:48:17
BTC: +1.1% funding (normal)
ETH: -5.0% funding (normal)
SOL: -1.8% funding (normal)

💤 Sleeping 900s...

[Scan #115] 15:03:21
BTC: +11.0% funding (normal)
ETH: +4.4% funding (normal)
SOL: -1.3% funding (normal)

💤 Sleeping 900s...

[Scan #116] 15:18:27
BTC: +1.9% funding (normal)
ETH: +8.5% funding (normal)
SOL: -12.0% funding (normal)

💤 Sleeping 900s...

[Scan #117] 15:33:31
BTC: +5.0% funding (normal)
ETH: +8.8% funding (normal)
SOL: -14.3% funding (normal)

💤 Sleeping 900s...

[Scan #118] 15:48:36
BTC: +6.3% funding (normal)
ETH: +6.0% funding (normal)
SOL: -12.9% funding (normal)

💤 Sleeping 900s...

[Scan #119] 16:03:41
BTC: +8.2% funding (normal)
ETH: -12.3% funding (normal)
SOL: -26.7% funding (normal)

💤 Sleeping 900s...

[Scan #120] 16:18:46
BTC: -3.0% funding (normal)
ETH: -11.1% funding (normal)
SOL: -25.2% funding (normal)

💤 Sleeping 900s...

[Scan #121] 16:33:52
BTC: +4.9% funding (normal)
ETH: -1.8% funding (normal)
SOL: -23.7% funding (normal)

💤 Sleeping 900s...

[Scan #122] 16:48:56
BTC: +7.8% funding (normal)
ETH: +1.2% funding (normal)
SOL: -22.9% funding (normal)

💤 Sleeping 900s...

[Scan #123] 17:04:01
BTC: +1.1% funding (normal)
ETH: -2.8% funding (normal)
SOL: -25.2% funding (normal)

💤 Sleeping 900s...

[Scan #124] 17:19:06
BTC: +6.7% funding (normal)
ETH: +3.9% funding (normal)
SOL: -17.0% funding (normal)

💤 Sleeping 900s...

[Scan #125] 17:34:10
BTC: +5.1% funding (normal)
ETH: +4.0% funding (normal)
SOL: -16.7% funding (normal)

💤 Sleeping 900s...

[Scan #126] 17:49:14
BTC: +2.5% funding (normal)
ETH: +1.7% funding (normal)
SOL: -19.4% funding (normal)

💤 Sleeping 900s...

[Scan #127] 18:04:20
BTC: -2.6% funding (normal)
ETH: -10.6% funding (normal)
SOL: -21.1% funding (normal)

💤 Sleeping 900s...

[Scan #128] 18:19:24
BTC: +5.2% funding (normal)
ETH: -3.1% funding (normal)
SOL: -21.9% funding (normal)

💤 Sleeping 900s...

[Scan #129] 18:34:29
BTC: +7.1% funding (normal)
ETH: +2.2% funding (normal)
SOL: -16.8% funding (normal)

💤 Sleeping 900s...

[Scan #130] 18:49:34
BTC: +3.0% funding (normal)
ETH: +3.2% funding (normal)
SOL: -17.7% funding (normal)

💤 Sleeping 900s...

[Scan #131] 19:04:38
BTC: -6.5% funding (normal)
ETH: +1.4% funding (normal)
SOL: -19.3% funding (normal)

💤 Sleeping 900s...

[Scan #132] 19:19:42
BTC: -3.7% funding (normal)
ETH: +5.7% funding (normal)
SOL: -20.8% funding (normal)

💤 Sleeping 900s...

[Scan #133] 19:34:46
BTC: -2.8% funding (normal)
ETH: +4.3% funding (normal)
SOL: -15.1% funding (normal)

💤 Sleeping 900s...

[Scan #134] 19:49:50
BTC: -2.8% funding (normal)
ETH: +2.4% funding (normal)
SOL: -12.4% funding (normal)

💤 Sleeping 900s...
