/Users/erik/Library/Python/3.9/lib/python/site-packages/urllib3/__init__.py:35: NotOpenSSLWarning: urllib3 v2 only supports OpenSSL 1.1.1+, currently the 'ssl' module is compiled with 'LibreSSL 2.8.3'. See: https://github.com/urllib3/urllib3/issues/3020
  warnings.warn(
2026-02-10 10:21:15,567 - INFO - Websocket connected
2026-02-10 10:21:16,724 - INFO - 🚀 Hyperliquid Trader V3 started
2026-02-10 10:21:16,724 - INFO - Strategies: Funding=True, BB=True, Volume=True
2026-02-10 10:21:16,724 - INFO - 
[Scan #1] 10:21:16
2026-02-10 10:21:16,724 - INFO - 📊 Checking BTC...
2026-02-10 10:21:16,724 - INFO -    Fetching BTC candles...
2026-02-10 10:21:17,269 - INFO -    ✅ BTC: Got 201 candles
2026-02-10 10:21:17,269 - INFO -    Current price: $69,297.00
2026-02-10 10:21:17,269 - INFO -    Checking funding rate...
2026-02-10 10:21:17,853 - INFO -    Checking BB squeeze...
2026-02-10 10:21:17,855 - INFO -    Checking volume spike...
2026-02-10 10:21:17,856 - INFO -    ➖ No signals for BTC
2026-02-10 10:21:17,856 - INFO - 📊 Checking ETH...
2026-02-10 10:21:17,856 - INFO -    Fetching ETH candles...
2026-02-10 10:21:18,498 - INFO -    ✅ ETH: Got 201 candles
2026-02-10 10:21:18,499 - INFO -    Current price: $2,024.10
2026-02-10 10:21:18,499 - INFO -    Checking funding rate...
2026-02-10 10:21:19,338 - INFO -    Checking BB squeeze...
2026-02-10 10:21:19,339 - INFO -    Checking volume spike...
2026-02-10 10:21:19,340 - INFO -    ➖ No signals for ETH
2026-02-10 10:21:19,340 - INFO - 📊 Checking SOL...
2026-02-10 10:21:19,340 - INFO -    Fetching SOL candles...
2026-02-10 10:21:20,101 - INFO -    ✅ SOL: Got 201 candles
2026-02-10 10:21:20,101 - INFO -    Current price: $84.83
2026-02-10 10:21:20,101 - INFO -    Checking funding rate...
2026-02-10 10:21:20,627 - INFO -    Checking BB squeeze...
2026-02-10 10:21:20,628 - INFO -    Checking volume spike...
2026-02-10 10:21:20,629 - INFO -    ➖ No signals for SOL
2026-02-10 10:21:20,629 - INFO - Positions: 0/3
2026-02-10 10:21:20,629 - INFO - 💤 Sleeping 300s until next scan...
Manually checking bot status at 10:22:01...
